

> @fingerprintjs/fingerprintjs@5.0.1 build
> rimraf dist && rollup -c rollup.config.ts --configPlugin "@rollup/plugin-typescript={tsconfig:'tsconfig.rollupConfig.json'}"

[1G[0K[1mloaded rollup.config.ts with warnings[22m
[1m[33m(!) [plugin typescript] @rollup/plugin-typescript TS5110: Option 'module' must be set to 'Node16' when option 'moduleResolution' is set to 'Node16'.[39m[22m
[1m[31m[!] [1mError: Cannot find package '@rollup/plugin-terser' imported from /home/hugh/prosopo/captcha-private/captcha/packages/fingerprintjs/rollup.config-1770220161258.mjs[22m[1m[39m[22m
[2m    at Object.getPackageJSONURL (node:internal/modules/package_json_reader:266:9)
    at packageResolve (node:internal/modules/esm/resolve:767:81)
    at moduleResolve (node:internal/modules/esm/resolve:853:18)
    at defaultResolve (node:internal/modules/esm/resolve:983:11)
    at ModuleLoader.#cachedDefaultResolve (node:internal/modules/esm/loader:731:20)
    at ModuleLoader.resolve (node:internal/modules/esm/loader:708:38)
    at ModuleLoader.getModuleJobForImport (node:internal/modules/esm/loader:310:38)
    at ModuleJob._link (node:internal/modules/esm/module_job:183:49)[22m


[1G[0K⠙[1G[0K[1mnpm[22m [31merror[39m Lifecycle script `build` failed with error:
[1G[0K⠙[1G[0K[1mnpm[22m [31merror[39m [94mcode[39m [33m1[39m
[1G[0K⠙[1G[0K[1mnpm[22m [31merror[39m [94mpath[39m /home/hugh/prosopo/captcha-private/captcha/packages/fingerprintjs
[1G[0K⠙[1G[0K[1mnpm[22m [31merror[39m [94mworkspace[39m @fingerprintjs/fingerprintjs@5.0.1
[1G[0K⠙[1G[0K[1mnpm[22m [31merror[39m [94mlocation[39m /home/hugh/prosopo/captcha-private/captcha/packages/fingerprintjs
[1G[0K⠙[1G[0K[1mnpm[22m [31merror[39m command failed
[1G[0K⠙[1G[0K[1mnpm[22m [31merror[39m [94mcommand[39m sh -c rimraf dist && rollup -c rollup.config.ts --configPlugin "@rollup/plugin-typescript={tsconfig:'tsconfig.rollupConfig.json'}"
[1G[0K⠙[1G[0K
